TN:
SF:src/config/auth.ts
FNF:0
FNH:0
DA:1,1
DA:2,1
DA:3,1
DA:4,1
DA:5,1
DA:6,1
DA:7,1
DA:8,1
LF:8
LH:8
BRF:0
BRH:0
end_of_record
TN:
SF:src/modules/statements/entities/Statement.ts
FN:45,Statement
FN:26,Object.<anonymous>.typeorm_1.JoinColumn.name
FNF:2
FNH:1
FNDA:1,Statement
FNDA:0,Object.<anonymous>.typeorm_1.JoinColumn.name
DA:1,1
DA:2,1
DA:3,1
DA:4,1
DA:5,1
DA:6,1
DA:7,1
DA:8,1
DA:9,1
DA:10,1
DA:11,1
DA:12,1
DA:13,4
DA:14,4
DA:15,4
DA:16,4
DA:17,1
DA:18,1
DA:19,4
DA:20,4
DA:21,4
DA:22,4
DA:23,4
DA:24,4
DA:25,4
DA:26,4
DA:27,4
DA:28,4
DA:29,4
DA:30,4
DA:31,4
DA:32,4
DA:33,4
DA:34,4
DA:35,4
DA:36,4
DA:37,4
DA:38,4
DA:39,4
DA:40,4
DA:41,4
DA:42,4
DA:43,4
DA:44,4
DA:45,4
DA:46,1
DA:47,1
DA:48,1
DA:49,1
DA:50,4
LF:50
LH:50
BRDA:13,0,0,4
BRDA:19,1,0,4
BRDA:45,2,0,1
BRF:3
BRH:3
end_of_record
TN:
SF:src/modules/statements/repositories/in-memory/InMemoryStatementsRepository.ts
FN:7,InMemoryStatementsRepository
FN:10,Object.<anonymous>.InMemoryStatementsRepository.create
FN:20,Object.<anonymous>.InMemoryStatementsRepository.findStatementOperation
FN:27,Object.<anonymous>.InMemoryStatementsRepository.getUserBalance
FNF:4
FNH:3
FNDA:1,InMemoryStatementsRepository
FNDA:1,Object.<anonymous>.InMemoryStatementsRepository.create
FNDA:0,Object.<anonymous>.InMemoryStatementsRepository.findStatementOperation
FNDA:1,Object.<anonymous>.InMemoryStatementsRepository.getUserBalance
DA:1,1
DA:2,1
DA:3,1
DA:4,1
DA:5,1
DA:6,1
DA:7,1
DA:8,1
DA:9,1
DA:10,1
DA:11,1
DA:12,1
DA:13,1
DA:14,1
DA:15,1
DA:16,1
DA:17,1
DA:18,1
DA:19,1
DA:20,1
DA:21,0
DA:22,0
DA:23,0
DA:24,0
DA:25,0
DA:26,1
DA:27,1
DA:28,1
DA:29,1
DA:30,1
DA:31,1
DA:32,1
DA:33,1
DA:34,1
DA:35,1
DA:36,1
DA:37,1
DA:38,0
DA:39,0
DA:40,1
DA:41,1
DA:42,1
DA:43,1
DA:44,1
DA:45,1
DA:46,1
DA:47,1
DA:48,1
DA:49,1
DA:50,1
DA:51,1
LF:51
LH:44
BRDA:7,0,0,1
BRDA:7,1,0,1
BRDA:10,2,0,1
BRDA:27,3,0,1
BRDA:27,4,0,0
BRDA:32,5,0,1
BRDA:34,6,0,1
BRDA:37,7,0,0
BRF:8
BRH:6
end_of_record
TN:
SF:src/modules/statements/useCases/createStatement/CreateStatementError.ts
FN:5,UserNotFound
FN:11,InsufficientFunds
FNF:2
FNH:0
FNDA:0,UserNotFound
FNDA:0,InsufficientFunds
DA:1,1
DA:2,1
DA:3,1
DA:4,1
DA:5,1
DA:6,0
DA:7,0
DA:8,1
DA:9,1
DA:10,1
DA:11,1
DA:12,0
DA:13,0
DA:14,1
DA:15,1
LF:15
LH:11
BRDA:3,0,0,1
BRDA:4,1,0,1
BRDA:10,2,0,1
BRF:3
BRH:3
end_of_record
TN:
SF:src/modules/statements/useCases/createStatement/CreateStatementUseCase.ts
FN:10,CreateStatementUseCase
FN:18,Object.<anonymous>.CreateStatementUseCase.execute
FNF:2
FNH:2
FNDA:1,CreateStatementUseCase
FNDA:1,Object.<anonymous>.CreateStatementUseCase.execute
DA:1,1
DA:2,1
DA:3,1
DA:4,1
DA:5,1
DA:6,1
DA:7,1
DA:8,1
DA:9,1
DA:10,1
DA:11,1
DA:12,1
DA:13,1
DA:14,1
DA:15,1
DA:16,1
DA:17,1
DA:18,1
DA:19,1
DA:20,1
DA:21,1
DA:22,0
DA:23,0
DA:24,1
DA:25,1
DA:26,0
DA:27,1
DA:28,1
DA:29,1
DA:30,1
DA:31,1
DA:32,1
DA:33,1
DA:34,1
DA:35,1
DA:36,1
DA:37,1
DA:38,1
DA:39,1
DA:40,1
DA:41,1
DA:42,1
LF:42
LH:39
BRDA:9,0,0,1
BRDA:10,1,0,1
BRDA:18,2,0,1
BRDA:19,3,0,1
BRDA:21,4,0,0
BRDA:25,5,0,0
BRDA:33,6,0,1
BRF:7
BRH:5
end_of_record
TN:
SF:src/modules/statements/useCases/getBalance/GetBalanceError.ts
FN:4,GetBalanceError
FNF:1
FNH:0
FNDA:0,GetBalanceError
DA:1,1
DA:2,1
DA:3,1
DA:4,1
DA:5,0
DA:6,0
DA:7,1
LF:7
LH:5
BRDA:3,0,0,1
BRF:1
BRH:1
end_of_record
TN:
SF:src/modules/statements/useCases/getBalance/GetBalanceUseCase.ts
FN:19,GetBalanceUseCase
FN:27,Object.<anonymous>.GetBalanceUseCase.execute
FNF:2
FNH:2
FNDA:1,GetBalanceUseCase
FNDA:1,Object.<anonymous>.GetBalanceUseCase.execute
DA:1,1
DA:2,1
DA:3,1
DA:4,1
DA:5,1
DA:6,1
DA:7,1
DA:8,1
DA:9,1
DA:10,1
DA:11,1
DA:12,1
DA:13,1
DA:14,1
DA:15,1
DA:16,1
DA:17,1
DA:18,1
DA:19,1
DA:20,1
DA:21,1
DA:22,1
DA:23,1
DA:24,1
DA:25,1
DA:26,1
DA:27,1
DA:28,1
DA:29,1
DA:30,1
DA:31,0
DA:32,0
DA:33,1
DA:34,1
DA:35,1
DA:36,1
DA:37,1
DA:38,1
DA:39,1
DA:40,1
DA:41,1
LF:41
LH:39
BRDA:18,0,0,1
BRDA:19,1,0,1
BRDA:27,2,0,1
BRDA:28,3,0,1
BRDA:30,4,0,0
BRF:5
BRH:4
end_of_record
TN:
SF:src/modules/users/entities/User.ts
FN:35,User
FNF:1
FNH:1
FNDA:4,User
DA:1,1
DA:2,1
DA:3,1
DA:4,1
DA:5,1
DA:6,1
DA:7,1
DA:8,1
DA:9,1
DA:10,1
DA:11,1
DA:12,1
DA:13,4
DA:14,4
DA:15,4
DA:16,4
DA:17,4
DA:18,4
DA:19,4
DA:20,4
DA:21,4
DA:22,4
DA:23,4
DA:24,4
DA:25,4
DA:26,4
DA:27,4
DA:28,4
DA:29,4
DA:30,4
DA:31,4
DA:32,4
DA:33,4
DA:34,4
DA:35,4
DA:36,4
DA:37,4
DA:38,4
DA:39,4
DA:40,4
LF:40
LH:40
BRDA:13,0,0,4
BRDA:35,1,0,4
BRF:2
BRH:2
end_of_record
TN:
SF:src/modules/users/repositories/in-memory/InMemoryUsersRepository.ts
FN:6,InMemoryUsersRepository
FN:9,Object.<anonymous>.InMemoryUsersRepository.findByEmail
FN:13,Object.<anonymous>.InMemoryUsersRepository.findById
FN:17,Object.<anonymous>.InMemoryUsersRepository.create
FNF:4
FNH:4
FNDA:7,InMemoryUsersRepository
FNDA:9,Object.<anonymous>.InMemoryUsersRepository.findByEmail
FNDA:3,Object.<anonymous>.InMemoryUsersRepository.findById
FNDA:4,Object.<anonymous>.InMemoryUsersRepository.create
DA:1,1
DA:2,1
DA:3,1
DA:4,1
DA:5,1
DA:6,7
DA:7,7
DA:8,7
DA:9,7
DA:10,9
DA:11,9
DA:12,7
DA:13,7
DA:14,3
DA:15,3
DA:16,7
DA:17,7
DA:18,4
DA:19,4
DA:20,4
DA:21,4
DA:22,4
DA:23,7
LF:23
LH:23
BRDA:6,0,0,4
BRDA:6,1,0,7
BRDA:9,2,0,9
BRDA:10,3,0,2
BRDA:13,4,0,3
BRDA:14,5,0,3
BRDA:17,6,0,4
BRF:7
BRH:7
end_of_record
TN:
SF:src/modules/users/useCases/authenticateUser/AuthenticateUserUseCase.ts
FN:16,AuthenticateUserUseCase
FN:21,Object.<anonymous>.AuthenticateUserUseCase.execute
FNF:2
FNH:2
FNDA:3,AuthenticateUserUseCase
FNDA:1,Object.<anonymous>.AuthenticateUserUseCase.execute
DA:1,1
DA:2,1
DA:3,1
DA:4,1
DA:5,1
DA:6,1
DA:7,1
DA:8,1
DA:9,1
DA:10,1
DA:11,1
DA:12,1
DA:13,1
DA:14,1
DA:15,1
DA:16,1
DA:17,3
DA:18,3
DA:19,3
DA:20,1
DA:21,1
DA:22,1
DA:23,1
DA:24,1
DA:25,1
DA:26,1
DA:27,1
DA:28,1
DA:29,1
DA:30,1
DA:31,1
DA:32,1
DA:33,1
DA:34,1
DA:35,1
DA:36,1
DA:37,1
DA:38,1
DA:39,1
DA:40,1
DA:41,1
DA:42,1
DA:43,1
DA:44,1
DA:45,1
DA:46,1
DA:47,1
DA:48,1
LF:48
LH:48
BRDA:15,0,0,1
BRDA:16,1,0,3
BRDA:21,2,0,1
BRDA:22,3,0,1
BRDA:25,4,0,0
BRDA:30,5,0,0
BRF:6
BRH:4
end_of_record
TN:
SF:src/modules/users/useCases/authenticateUser/IncorrectEmailOrPasswordError.ts
FN:4,IncorrectEmailOrPasswordError
FNF:1
FNH:0
FNDA:0,IncorrectEmailOrPasswordError
DA:1,1
DA:2,1
DA:3,1
DA:4,1
DA:5,0
DA:6,0
DA:7,1
LF:7
LH:5
BRDA:3,0,0,1
BRF:1
BRH:1
end_of_record
TN:
SF:src/modules/users/useCases/createUser/CreateUserError.ts
FN:4,CreateUserError
FNF:1
FNH:0
FNDA:0,CreateUserError
DA:1,1
DA:2,1
DA:3,4
DA:4,4
DA:5,0
DA:6,0
DA:7,4
LF:7
LH:5
BRDA:3,0,0,4
BRF:1
BRH:1
end_of_record
TN:
SF:src/modules/users/useCases/createUser/CreateUserUseCase.ts
FN:11,CreateUserUseCase
FN:16,Object.<anonymous>.CreateUserUseCase.execute
FNF:2
FNH:2
FNDA:7,CreateUserUseCase
FNDA:7,Object.<anonymous>.CreateUserUseCase.execute
DA:1,1
DA:2,1
DA:3,1
DA:4,1
DA:5,1
DA:6,1
DA:7,1
DA:8,1
DA:9,1
DA:10,4
DA:11,4
DA:12,7
DA:13,7
DA:14,7
DA:15,4
DA:16,4
DA:17,7
DA:18,7
DA:19,7
DA:20,0
DA:21,0
DA:22,7
DA:23,7
DA:24,7
DA:25,7
DA:26,7
DA:27,7
DA:28,7
DA:29,7
DA:30,7
DA:31,7
DA:32,7
DA:33,4
LF:33
LH:31
BRDA:10,0,0,4
BRDA:11,1,0,7
BRDA:16,2,0,7
BRDA:17,3,0,7
BRDA:19,4,0,0
BRF:5
BRH:4
end_of_record
TN:
SF:src/modules/users/useCases/showUserProfile/ShowUserProfileError.ts
FN:4,ShowUserProfileError
FNF:1
FNH:0
FNDA:0,ShowUserProfileError
DA:1,1
DA:2,1
DA:3,1
DA:4,1
DA:5,0
DA:6,0
DA:7,1
LF:7
LH:5
BRDA:3,0,0,1
BRF:1
BRH:1
end_of_record
TN:
SF:src/modules/users/useCases/showUserProfile/ShowUserProfileUseCase.ts
FN:8,ShowUserProfileUseCase
FN:13,Object.<anonymous>.ShowUserProfileUseCase.execute
FNF:2
FNH:2
FNDA:1,ShowUserProfileUseCase
FNDA:1,Object.<anonymous>.ShowUserProfileUseCase.execute
DA:1,1
DA:2,1
DA:3,1
DA:4,1
DA:5,1
DA:6,1
DA:7,1
DA:8,1
DA:9,1
DA:10,1
DA:11,1
DA:12,1
DA:13,1
DA:14,1
DA:15,1
DA:16,1
DA:17,0
DA:18,0
DA:19,1
DA:20,1
DA:21,1
DA:22,1
LF:22
LH:20
BRDA:7,0,0,1
BRDA:8,1,0,1
BRDA:13,2,0,1
BRDA:14,3,0,1
BRDA:16,4,0,0
BRF:5
BRH:4
end_of_record
TN:
SF:src/shared/errors/AppError.ts
FN:6,AppError
FNF:1
FNH:0
FNDA:0,AppError
DA:1,4
DA:2,4
DA:3,4
DA:4,4
DA:5,4
DA:6,4
DA:7,0
DA:8,0
DA:9,0
DA:10,4
LF:10
LH:7
BRDA:1,0,0,4
BRF:1
BRH:1
end_of_record
